#
# A fatal error has been detected by the Java Runtime Environment:
#
#  SIGSEGV (0xb) at pc=0x00000001483db53b, pid=78783, tid=28699
#
# JRE version: Java(TM) SE Runtime Environment (14.0.2+12) (build 14.0.2+12-46)
# Java VM: Java HotSpot(TM) 64-Bit Server VM (14.0.2+12-46, mixed mode, sharing, tiered, compressed oops, g1 gc, bsd-amd64)
# Problematic frame:
# C  [libtorch_cpu.dylib+0xae5153b]  _ZN4dnnl4impl17primitive_executeEPK14dnnl_primitiveRNS0_10exec_ctx_tE+0x1eb
#
# No core dump will be written. Core dumps have been disabled. To enable core dumping, try "ulimit -c unlimited" before starting Java again
#
# If you would like to submit a bug report, please visit:
#   https://bugreport.java.com/bugreport/crash.jsp
# The crash happened outside the Java Virtual Machine in native code.
# See problematic frame for where to report the bug.
#

---------------  S U M M A R Y ------------

Command Line: service/build/libs/service-0.0.1-SNAPSHOT-linux-x86_64.jar

Host: MacBookPro15,1 x86_64 2600 MHz, 12 cores, 16G, Darwin 20.2.0
Time: Mon Aug  8 15:13:06 2022 EAT elapsed time: 180 seconds (0d 0h 3m 0s)

---------------  T H R E A D  ---------------

Current thread (0x00007fd4a7b0d800):  JavaThread "task-2" [_thread_in_native, id=28699, stack(0x0000700008943000,0x0000700008a43000)]

Stack: [0x0000700008943000,0x0000700008a43000],  sp=0x0000700008a3d4d0,  free space=1001k
Native frames: (J=compiled Java code, A=aot compiled Java code, j=interpreted, Vv=VM code, C=native code)
C  [libtorch_cpu.dylib+0xae5153b]  _ZN4dnnl4impl17primitive_executeEPK14dnnl_primitiveRNS0_10exec_ctx_tE+0x1eb
C  [libtorch_cpu.dylib+0xae517b3]  dnnl_primitive_execute+0x173
C  [libtorch_cpu.dylib+0x1cfcd7]  _ZNK4dnnl9primitive7executeERKNS_6streamERKNSt3__113unordered_mapIiNS_6memoryENS4_4hashIiEENS4_8equal_toIiEENS4_9allocatorINS4_4pairIKiS6_EEEEEE+0x1e7
C  [libtorch_cpu.dylib+0x754919]  _ZN5ideep28convolution_backward_weights12compute_implILb0EEEvRKNS_6tensorES4_RKNSt3__16vectorIxNS5_9allocatorIxEEEERS2_SC_SB_SB_SB_SB_iN4dnnl6memory9data_typeENSD_9algorithmERKNS_6engineE+0x769
C  [libtorch_cpu.dylib+0x74ee9e]  _ZN5ideep28convolution_backward_weights7computeERKNS_6tensorES3_RKNSt3__16vectorIxNS4_9allocatorIxEEEERS1_SA_SA_SA_SA_iN4dnnl6memory9data_typeENSC_9algorithmERKNS_6engineE+0x7e
C  [libtorch_cpu.dylib+0x74e7fa]  _ZN2at6native35mkldnn_convolution_backward_weightsEN3c108ArrayRefIxEERKNS_6TensorES6_S3_S3_S3_xb+0x5ba
C  [libtorch_cpu.dylib+0xe6e0ed]  _ZN3c104impl28wrap_kernel_functor_unboxed_INS0_6detail24WrapFunctionIntoFunctor_INS_26CompileTimeFunctionPointerIFNSt3__15tupleIJN2at6TensorES8_EEENS_8ArrayRefIxEERKS8_SD_SB_SB_SB_xbEXadL_ZNS7_12_GLOBAL__N_112_GLOBAL__N_144wrapper__mkldnn_convolution_backward_weightsESB_SD_SD_SB_SB_SB_xbEEEES9_NS_4guts8typelist8typelistIJSB_SD_SD_SB_SB_SB_xbEEEEESE_E4callEPNS_14OperatorKernelENS_14DispatchKeySetESB_SD_SD_SB_SB_SB_xb+0x5d
C  [libtorch_cpu.dylib+0xa7145c]  _ZN2at4_ops35mkldnn_convolution_backward_weights4callEN3c108ArrayRefIxEERKNS_6TensorES7_S4_S4_S4_xb+0x24c
C  [libtorch_cpu.dylib+0x74f0b7]  _ZN2at6native27mkldnn_convolution_backwardERKNS_6TensorES3_S3_N3c108ArrayRefIxEES6_S6_xNSt3__15arrayIbLm3EEE+0x1a7
C  [libtorch_cpu.dylib+0xd901e7]  _ZN3c104impl28wrap_kernel_functor_unboxed_INS0_6detail24WrapFunctionIntoFunctor_INS_26CompileTimeFunctionPointerIFNSt3__15tupleIJN2at6TensorES8_S8_EEERKS8_SB_SB_NS_8ArrayRefIxEESD_SD_xNS5_5arrayIbLm3EEEEXadL_ZNS7_12_GLOBAL__N_112_GLOBAL__N_136wrapper__mkldnn_convolution_backwardESB_SB_SB_SD_SD_SD_xSF_EEEES9_NS_4guts8typelist8typelistIJSB_SB_SB_SD_SD_SD_xSF_EEEEESG_E4callEPNS_14OperatorKernelENS_14DispatchKeySetESB_SB_SB_SD_SD_SD_xSF_+0x47
C  [libtorch_cpu.dylib+0xae8b67]  _ZNK3c1010Dispatcher10redispatchINSt3__15tupleIJN2at6TensorES5_S5_EEEJRKS5_S8_S8_NS_8ArrayRefIxEESA_SA_xNS2_5arrayIbLm3EEEEEET_RKNS_19TypedOperatorHandleIFSD_DpT0_EEENS_14DispatchKeySetESG_+0xf7
C  [libtorch_cpu.dylib+0xa71f52]  _ZN2at4_ops27mkldnn_convolution_backward10redispatchEN3c1014DispatchKeySetERKNS_6TensorES6_S6_NS2_8ArrayRefIxEES8_S8_xNSt3__15arrayIbLm3EEE+0xe2
C  [libtorch_cpu.dylib+0x284c0b8]  _ZN3c104impl28wrap_kernel_functor_unboxed_INS0_6detail24WrapFunctionIntoFunctor_INS_26CompileTimeFunctionPointerIFNSt3__15tupleIJN2at6TensorES8_S8_EEENS_14DispatchKeySetERKS8_SC_SC_NS_8ArrayRefIxEESE_SE_xNS5_5arrayIbLm3EEEEXadL_ZN5torch8autograd12VariableType12_GLOBAL__N_127mkldnn_convolution_backwardESA_SC_SC_SC_SE_SE_SE_xSG_EEEES9_NS_4guts8typelist8typelistIJSA_SC_SC_SC_SE_SE_SE_xSG_EEEEESH_E4callEPNS_14OperatorKernelESA_SC_SC_SC_SE_SE_SE_xSG_+0x8f8
C  [libtorch_cpu.dylib+0xa71b3b]  _ZN2at4_ops27mkldnn_convolution_backward4callERKNS_6TensorES4_S4_N3c108ArrayRefIxEES7_S7_xNSt3__15arrayIbLm3EEE+0x21b
C  [libtorch_cpu.dylib+0x24e43b9]  _ZN5torch8autograd9generated26MkldnnConvolutionBackward05applyEONSt3__16vectorIN2at6TensorENS3_9allocatorIS6_EEEE+0x259
C  [libtorch_cpu.dylib+0x2d92f27]  _ZN5torch8autograd4NodeclEONSt3__16vectorIN2at6TensorENS2_9allocatorIS5_EEEE+0x197
C  [libtorch_cpu.dylib+0x2d88889]  _ZN5torch8autograd6Engine17evaluate_functionERNSt3__110shared_ptrINS0_9GraphTaskEEEPNS0_4NodeERNS0_11InputBufferERKNS3_INS0_10ReadyQueueEEE+0x769
C  [libtorch_cpu.dylib+0x2d87ab9]  _ZN5torch8autograd6Engine11thread_mainERKNSt3__110shared_ptrINS0_9GraphTaskEEE+0x7a9
C  [libtorch_cpu.dylib+0x2d91913]  _ZN5torch8autograd6Engine23execute_with_graph_taskERKNSt3__110shared_ptrINS0_9GraphTaskEEENS3_INS0_4NodeEEEONS0_11InputBufferE+0x473
C  [libtorch_cpu.dylib+0x2d8f4d3]  _ZN5torch8autograd6Engine7executeERKNSt3__16vectorINS0_4EdgeENS2_9allocatorIS4_EEEERKNS3_IN2at6TensorENS5_ISB_EEEEbbbS9_+0x923
C  [libtorch_cpu.dylib+0x2d7a0a7]  _ZN5torch8autograd12run_backwardERKNSt3__16vectorIN2at6TensorENS1_9allocatorIS4_EEEES9_bbS9_bb+0x877
C  [libtorch_cpu.dylib+0x2d7a604]  _ZN5torch8autograd8backwardERKNSt3__16vectorIN2at6TensorENS1_9allocatorIS4_EEEES9_N3c108optionalIbEEbS9_+0x64
C  [libtorch_cpu.dylib+0x2dd37a7]  _ZNK5torch8autograd13VariableHooks9_backwardERKN2at6TensorEN3c108ArrayRefIS3_EERKNS6_8optionalIS3_EENS9_IbEEb+0x1c7
C  [libtorch_cpu.dylib+0x12ac9b]  _ZNK2at6Tensor9_backwardEN3c108ArrayRefIS0_EERKNS1_8optionalIS0_EENS4_IbEEb+0x4b
C  [0.15.0-libdjl_torch.dylib+0x7ef2b]  _ZNK2at6Tensor8backwardERKS0_N3c108optionalIbEEbNS4_INS3_8ArrayRefIS0_EEEE+0x17b
C  [0.15.0-libdjl_torch.dylib+0x7ebed]  Java_ai_djl_pytorch_jni_PyTorchLibrary_torchBackward+0xcd
j  ai.djl.pytorch.jni.PyTorchLibrary.torchBackward(JJZZ)V+0
j  ai.djl.pytorch.jni.JniUtils.backward(Lai/djl/pytorch/engine/PtNDArray;Lai/djl/pytorch/engine/PtNDArray;ZZ)V+25
j  ai.djl.pytorch.engine.PtGradientCollector.backward(Lai/djl/ndarray/NDArray;Lai/djl/ndarray/NDArray;ZZ)V+11
j  ai.djl.pytorch.engine.PtGradientCollector.backward(Lai/djl/ndarray/NDArray;)V+41
j  ai.djl.training.EasyTrain.trainSplit(Lai/djl/training/Trainer;Lai/djl/training/GradientCollector;Lai/djl/training/listener/TrainingListener$BatchData;Lai/djl/training/dataset/Batch;)Z+43
j  ai.djl.training.EasyTrain.trainBatch(Lai/djl/training/Trainer;Lai/djl/training/dataset/Batch;)V+222
j  ai.djl.training.EasyTrain.fit(Lai/djl/training/Trainer;ILai/djl/training/dataset/Dataset;Lai/djl/training/dataset/Dataset;)V+46
j  net.softel.ai.classify.train.ImageClassifierTrainer.trainClassifierModel(Lnet/softel/ai/classify/dto/TrainingSuite;)Lai/djl/training/TrainingResult;+301
j  net.softel.ai.classify.train.ImageClassifierTrainer.train(Lnet/softel/ai/classify/dto/TrainingSuite;)V+20
v  ~StubRoutines::call_stub
V  [libjvm.dylib+0x34b6f6]  _ZN9JavaCalls11call_helperEP9JavaValueRK12methodHandleP17JavaCallArgumentsP6Thread+0x256
V  [libjvm.dylib+0x63e55f]  _ZL6invokeP13InstanceKlassRK12methodHandle6Handleb14objArrayHandle9BasicTypeS5_bP6Thread+0x551
V  [libjvm.dylib+0x63dfb0]  _ZN10Reflection13invoke_methodEP7oopDesc6Handle14objArrayHandleP6Thread+0xe6
V  [libjvm.dylib+0x3d49a8]  JVM_InvokeMethod+0x222
J 2325  jdk.internal.reflect.NativeMethodAccessorImpl.invoke0(Ljava/lang/reflect/Method;Ljava/lang/Object;[Ljava/lang/Object;)Ljava/lang/Object; java.base@14.0.2 (0 bytes) @ 0x0000000126303da0 [0x0000000126303ca0+0x0000000000000100]
J 2324 c1 jdk.internal.reflect.NativeMethodAccessorImpl.invoke(Ljava/lang/Object;[Ljava/lang/Object;)Ljava/lang/Object; java.base@14.0.2 (104 bytes) @ 0x000000011f0c3a2c [0x000000011f0c3620+0x000000000000040c]
J 2944 c2 jdk.internal.reflect.DelegatingMethodAccessorImpl.invoke(Ljava/lang/Object;[Ljava/lang/Object;)Ljava/lang/Object; java.base@14.0.2 (10 bytes) @ 0x0000000126350758 [0x0000000126350700+0x0000000000000058]
J 2326 c1 java.lang.reflect.Method.invoke(Ljava/lang/Object;[Ljava/lang/Object;)Ljava/lang/Object; java.base@14.0.2 (65 bytes) @ 0x000000011f0c420c [0x000000011f0c40c0+0x000000000000014c]
j  org.springframework.aop.support.AopUtils.invokeJoinpointUsingReflection(Ljava/lang/Object;Ljava/lang/reflect/Method;[Ljava/lang/Object;)Ljava/lang/Object;+7
j  org.springframework.aop.framework.ReflectiveMethodInvocation.invokeJoinpoint()Ljava/lang/Object;+12
j  org.springframework.aop.framework.ReflectiveMethodInvocation.proceed()Ljava/lang/Object;+19
j  org.springframework.aop.interceptor.AsyncExecutionInterceptor.lambda$invoke$0(Lorg/aopalliance/intercept/MethodInvocation;Ljava/lang/reflect/Method;)Ljava/lang/Object;+1
j  org.springframework.aop.interceptor.AsyncExecutionInterceptor$$Lambda$1005.call()Ljava/lang/Object;+12
j  java.util.concurrent.FutureTask.run()V+39 java.base@14.0.2
j  java.util.concurrent.ThreadPoolExecutor.runWorker(Ljava/util/concurrent/ThreadPoolExecutor$Worker;)V+92 java.base@14.0.2
j  java.util.concurrent.ThreadPoolExecutor$Worker.run()V+5 java.base@14.0.2
j  java.lang.Thread.run()V+11 java.base@14.0.2
v  ~StubRoutines::call_stub
V  [libjvm.dylib+0x34b6f6]  _ZN9JavaCalls11call_helperEP9JavaValueRK12methodHandleP17JavaCallArgumentsP6Thread+0x256
V  [libjvm.dylib+0x34ab10]  _ZN9JavaCalls12call_virtualEP9JavaValueP5KlassP6SymbolS5_P17JavaCallArgumentsP6Thread+0xfe
V  [libjvm.dylib+0x34abcc]  _ZN9JavaCalls12call_virtualEP9JavaValue6HandleP5KlassP6SymbolS6_P6Thread+0x62
V  [libjvm.dylib+0x3d10fc]  _ZL12thread_entryP10JavaThreadP6Thread+0x78
V  [libjvm.dylib+0x6ed18a]  _ZN10JavaThread17thread_main_innerEv+0x86
V  [libjvm.dylib+0x6ecfc8]  _ZN10JavaThread3runEv+0x118
V  [libjvm.dylib+0x6eae07]  _ZN6Thread8call_runEv+0x71
V  [libjvm.dylib+0x5e98be]  _ZL19thread_native_entryP6Thread+0x129
C  [libsystem_pthread.dylib+0x6950]  _pthread_start+0xe0
C  [libsystem_pthread.dylib+0x247b]  thread_start+0xf

Java frames: (J=compiled Java code, j=interpreted, Vv=VM code)
j  ai.djl.pytorch.jni.PyTorchLibrary.torchBackward(JJZZ)V+0
j  ai.djl.pytorch.jni.JniUtils.backward(Lai/djl/pytorch/engine/PtNDArray;Lai/djl/pytorch/engine/PtNDArray;ZZ)V+25
j  ai.djl.pytorch.engine.PtGradientCollector.backward(Lai/djl/ndarray/NDArray;Lai/djl/ndarray/NDArray;ZZ)V+11
j  ai.djl.pytorch.engine.PtGradientCollector.backward(Lai/djl/ndarray/NDArray;)V+41
j  ai.djl.training.EasyTrain.trainSplit(Lai/djl/training/Trainer;Lai/djl/training/GradientCollector;Lai/djl/training/listener/TrainingListener$BatchData;Lai/djl/training/dataset/Batch;)Z+43
j  ai.djl.training.EasyTrain.trainBatch(Lai/djl/training/Trainer;Lai/djl/training/dataset/Batch;)V+222
j  ai.djl.training.EasyTrain.fit(Lai/djl/training/Trainer;ILai/djl/training/dataset/Dataset;Lai/djl/training/dataset/Dataset;)V+46
j  net.softel.ai.classify.train.ImageClassifierTrainer.trainClassifierModel(Lnet/softel/ai/classify/dto/TrainingSuite;)Lai/djl/training/TrainingResult;+301
j  net.softel.ai.classify.train.ImageClassifierTrainer.train(Lnet/softel/ai/classify/dto/TrainingSuite;)V+20
v  ~StubRoutines::call_stub
J 2325  jdk.internal.reflect.NativeMethodAccessorImpl.invoke0(Ljava/lang/reflect/Method;Ljava/lang/Object;[Ljava/lang/Object;)Ljava/lang/Object; java.base@14.0.2 (0 bytes) @ 0x0000000126303d27 [0x0000000126303ca0+0x0000000000000087]
J 2324 c1 jdk.internal.reflect.NativeMethodAccessorImpl.invoke(Ljava/lang/Object;[Ljava/lang/Object;)Ljava/lang/Object; java.base@14.0.2 (104 bytes) @ 0x000000011f0c3a2c [0x000000011f0c3620+0x000000000000040c]
J 2944 c2 jdk.internal.reflect.DelegatingMethodAccessorImpl.invoke(Ljava/lang/Object;[Ljava/lang/Object;)Ljava/lang/Object; java.base@14.0.2 (10 bytes) @ 0x0000000126350758 [0x0000000126350700+0x0000000000000058]
J 2326 c1 java.lang.reflect.Method.invoke(Ljava/lang/Object;[Ljava/lang/Object;)Ljava/lang/Object; java.base@14.0.2 (65 bytes) @ 0x000000011f0c420c [0x000000011f0c40c0+0x000000000000014c]
j  org.springframework.aop.support.AopUtils.invokeJoinpointUsingReflection(Ljava/lang/Object;Ljava/lang/reflect/Method;[Ljava/lang/Object;)Ljava/lang/Object;+7
j  org.springframework.aop.framework.ReflectiveMethodInvocation.invokeJoinpoint()Ljava/lang/Object;+12
j  org.springframework.aop.framework.ReflectiveMethodInvocation.proceed()Ljava/lang/Object;+19
j  org.springframework.aop.interceptor.AsyncExecutionInterceptor.lambda$invoke$0(Lorg/aopalliance/intercept/MethodInvocation;Ljava/lang/reflect/Method;)Ljava/lang/Object;+1
j  org.springframework.aop.interceptor.AsyncExecutionInterceptor$$Lambda$1005.call()Ljava/lang/Object;+12
j  java.util.concurrent.FutureTask.run()V+39 java.base@14.0.2
j  java.util.concurrent.ThreadPoolExecutor.runWorker(Ljava/util/concurrent/ThreadPoolExecutor$Worker;)V+92 java.base@14.0.2
j  java.util.concurrent.ThreadPoolExecutor$Worker.run()V+5 java.base@14.0.2
j  java.lang.Thread.run()V+11 java.base@14.0.2
v  ~StubRoutines::call_stub

siginfo: si_signo: 11 (SIGSEGV), si_code: 0 (unknown), si_addr: 0x0000000000000000

Register to memory mapping:

RAX=0x400007fd47c2171a is an unknown value
RBX=0x0000700008a3d578 is pointing into the stack for thread: 0x00007fd4a7b0d800
RCX=0x94f474fe40a90072 is an unknown value
RDX=0x00007fd4ad1bbe88 points into unknown readable memory: 00 00 00 00 00 00 00 00
RSP=0x0000700008a3d4d0 is pointing into the stack for thread: 0x00007fd4a7b0d800
RBP=0x0000700008a3d560 is pointing into the stack for thread: 0x00007fd4a7b0d800
RSI=0x00007fd4ad1bbe88 points into unknown readable memory: 00 00 00 00 00 00 00 00
RDI=0x00007fd47c216a80 points into unknown readable memory: 1a 17 c2 47 fd 07 00 40
R8 =0x0 is NULL
R9 =0x0000000000000001 is an unknown value
R10=0x000000000000000e is an unknown value
R11=0x0 is NULL
R12=0x00007fd4ae245b80 points into unknown readable memory: a1 00 00 00 00 00 00 b0
R13=0x00007fd47c216a80 points into unknown readable memory: 1a 17 c2 47 fd 07 00 40
R14=0x0 is NULL
R15=0x00007fd4ae245a40 points into unknown readable memory: 01 00 00 00 01 00 00 00


Registers:
RAX=0x400007fd47c2171a, RBX=0x0000700008a3d578, RCX=0x94f474fe40a90072, RDX=0x00007fd4ad1bbe88
RSP=0x0000700008a3d4d0, RBP=0x0000700008a3d560, RSI=0x00007fd4ad1bbe88, RDI=0x00007fd47c216a80
R8 =0x0000000000000000, R9 =0x0000000000000001, R10=0x000000000000000e, R11=0x0000000000000000
R12=0x00007fd4ae245b80, R13=0x00007fd47c216a80, R14=0x0000000000000000, R15=0x00007fd4ae245a40
RIP=0x00000001483db53b, EFLAGS=0x0000000000010206, ERR=0x0000000000000000
  TRAPNO=0x000000000000000d

Top of Stack: (sp=0x0000700008a3d4d0)
0x0000700008a3d4d0:   00007fd4ad1bac00 00007fd47c266240
0x0000700008a3d4e0:   0000000000000002 94f474fe40a90072
0x0000700008a3d4f0:   0000700008a3d560 00000001483e48fe
0x0000700008a3d500:   000000010e61ca00 0000000000000003
0x0000700008a3d510:   0000700008a3d5e0 0000000220169876
0x0000700008a3d520:   0000000100000000 0000009100000000
0x0000700008a3d530:   94f474fe40a90072 0000700008a3d590
0x0000700008a3d540:   00007fd4ae245b80 0000000000000003
0x0000700008a3d550:   0000000000000000 00007fd4ae245a40
0x0000700008a3d560:   0000700008a3d640 00000001483db7b3
0x0000700008a3d570:   000000010e61a080 00007fd47c216a80
0x0000700008a3d580:   00007fd4ae242e70 0000000000000005
0x0000700008a3d590:   00007fd4ae242e40 0000000000000003
0x0000700008a3d5a0:   000000003f800000 0000000000000000
0x0000700008a3d5b0:   0000000000000000 0000000000000000
0x0000700008a3d5c0:   0000000000000000 000000003f800000
0x0000700008a3d5d0:   00007fd4ae245a68 0000000000000000
0x0000700008a3d5e0:   0000000000000000 0000000000000000
0x0000700008a3d5f0:   0000000000000000 0000000000000000
0x0000700008a3d600:   00007fd43f800000 0000000000000001
0x0000700008a3d610:   94f474fe40a90072 00007fd4ae245bb0
0x0000700008a3d620:   00007fd47c2639d0 0000000000000003
0x0000700008a3d630:   00007fd4ae245bb0 0000000000000000
0x0000700008a3d640:   0000700008a3d6c0 000000013d759cd7
0x0000700008a3d650:   00007fd4ae26f8f0 0000000000000005
0x0000700008a3d660:   000000014f1535d0 0000700008a3d760
0x0000700008a3d670:   0000700008a3dc60 0000700008a3d788
0x0000700008a3d680:   00007fd4ae245b80 00007fd4ae245bb0
0x0000700008a3d690:   00007fd4ae245bb0 000000014f1535d0
0x0000700008a3d6a0:   00007fd47c2639d0 0000000000000001
0x0000700008a3d6b0:   0000700008a40380 0000700008a40220
0x0000700008a3d6c0:   0000700008a40140 000000013dcde919 

Instructions: (pc=0x00000001483db53b)
0x00000001483db43b:   18 44 8a 70 01 48 8b 48 08 48 89 4d c6 48 8b 48
0x00000001483db44b:   02 48 89 4d c0 4c 8b 60 10 48 c7 00 00 00 00 00
0x00000001483db45b:   48 c7 40 08 00 00 00 00 48 c7 40 10 00 00 00 00
0x00000001483db46b:   f6 45 a0 01 74 09 48 8b 7d b0 e8 50 b8 bf 03 88
0x00000001483db47b:   5d a0 44 88 75 a1 48 8b 45 c0 48 8b 4d c6 48 89
0x00000001483db48b:   45 a2 48 89 4d a8 4c 89 65 b0 f6 45 88 01 74 10
0x00000001483db49b:   48 8b 7d 98 e8 26 b8 bf 03 8a 5d a0 4c 8b 65 b0
0x00000001483db4ab:   44 8b 75 84 eb 1a 49 8b 45 00 4c 89 ef 4c 89 fe
0x00000001483db4bb:   48 89 da ff 50 10 41 89 c6 eb 5b 45 31 e4 31 db
0x00000001483db4cb:   49 8b 7f 20 e8 0c 8c 00 00 f2 0f 10 85 70 ff ff
0x00000001483db4db:   ff f2 0f 5c 85 78 ff ff ff f6 c3 01 48 8d 4d a1
0x00000001483db4eb:   4c 0f 44 e1 48 8d 3d 71 4a 17 06 4c 89 e6 48 89
0x00000001483db4fb:   c2 b0 01 e8 b7 be bf 03 48 8b 05 56 60 65 06 48
0x00000001483db50b:   8b 38 e8 4e bb bf 03 f6 45 a0 01 74 09 48 8b 7d
0x00000001483db51b:   b0 e8 a9 b7 bf 03 bf 01 00 00 00 e8 55 e6 fa ff
0x00000001483db52b:   84 c0 74 05 e8 0c ed fa ff 49 8b 45 00 4c 89 ef
0x00000001483db53b:   ff 50 28 48 8b 05 0b 60 65 06 48 8b 00 48 3b 45
0x00000001483db54b:   d0 75 12 44 89 f0 48 83 c4 68 5b 41 5c 41 5d 41
0x00000001483db55b:   5e 41 5f 5d c3 e8 cd b8 bf 03 49 89 c6 f6 45 88
0x00000001483db56b:   01 74 09 48 8b 7d 98 e8 53 b7 bf 03 8a 5d a0 eb
0x00000001483db57b:   0b 49 89 c6 8a 5d a0 eb 03 49 89 c6 f6 c3 01 74
0x00000001483db58b:   09 48 8b 7d b0 e8 35 b7 bf 03 4c 89 f7 e8 dd ac
0x00000001483db59b:   bf 03 0f 0b 90 55 48 89 e5 48 83 ec 10 48 8b 05
0x00000001483db5ab:   a1 5f 65 06 48 8b 00 48 89 45 f8 48 85 ff 74 06
0x00000001483db5bb:   48 8b 07 ff 50 08 48 8b 05 88 5f 65 06 48 8b 00
0x00000001483db5cb:   48 3b 45 f8 75 08 31 c0 48 83 c4 10 5d c3 e8 54
0x00000001483db5db:   b8 bf 03 66 90 55 48 89 e5 48 83 ec 10 48 8b 05
0x00000001483db5eb:   61 5f 65 06 48 8b 00 48 89 45 f8 48 85 ff 74 1f
0x00000001483db5fb:   48 85 f6 74 1a 48 8b 05 49 5f 65 06 48 8b 00 48
0x00000001483db60b:   3b 45 f8 75 25 48 83 c4 10 5d e9 96 fa ff ff 48
0x00000001483db61b:   8b 05 2f 5f 65 06 48 8b 00 48 3b 45 f8 75 0b b8
0x00000001483db62b:   02 00 00 00 48 83 c4 10 5d c3 e8 f8 b7 bf 03 66 


Stack slot to memory mapping:
stack at sp + 0 slots: 0x00007fd4ad1bac00 points into unknown readable memory: 08 16 0a 4f 01 00 00 00
stack at sp + 1 slots: 0x00007fd47c266240 points into unknown readable memory: a8 36 09 4f 01 00 00 00
stack at sp + 2 slots: 0x0000000000000002 is an unknown value
stack at sp + 3 slots: 0x94f474fe40a90072 is an unknown value
stack at sp + 4 slots: 0x0000700008a3d560 is pointing into the stack for thread: 0x00007fd4a7b0d800
stack at sp + 5 slots: 0x00000001483e48fe: _ZN4dnnl4impl18cvt_primitive_argsEPKNS0_16primitive_desc_tEiPK15dnnl_exec_arg_tRNSt3__113unordered_mapIiNS0_12memory_arg_tENS7_4hashIiEENS7_8equal_toIiEENS7_9allocatorINS7_4pairIKiS9_EEEEEE+0x39e in /Users/zeguru/.djl.ai/pytorch/1.10.0-cpu-osx-x86_64/libtorch_cpu.dylib at 0x000000013d58a000
stack at sp + 6 slots: 0x000000010e61ca00 points into unknown readable memory: 00 00 00 00 00 00 00 00
stack at sp + 7 slots: 0x0000000000000003 is an unknown value


---------------  P R O C E S S  ---------------

Threads class SMR info:
_java_thread_list=0x00007fd4ac8cfb70, length=13, elements={
0x00007fd4a3815000, 0x00007fd4a5011000, 0x00007fd4a400e800, 0x00007fd4a3816000,
0x00007fd4a3821000, 0x00007fd4a5013800, 0x00007fd4a400f800, 0x00007fd4a501a000,
0x00007fd4a5014000, 0x00007fd4a9011800, 0x00007fd4a7b0d800, 0x00007fd4a46a5000,
0x00007fd4a300b000
}

Java Threads: ( => current thread )
  0x00007fd4a3815000 JavaThread "Reference Handler" daemon [_thread_blocked, id=18179, stack(0x00007000063d1000,0x00007000064d1000)]
  0x00007fd4a5011000 JavaThread "Finalizer" daemon [_thread_blocked, id=15107, stack(0x00007000064d4000,0x00007000065d4000)]
  0x00007fd4a400e800 JavaThread "Signal Dispatcher" daemon [_thread_blocked, id=43011, stack(0x00007000066dd000,0x00007000067dd000)]
  0x00007fd4a3816000 JavaThread "Service Thread" daemon [_thread_blocked, id=42755, stack(0x00007000067e0000,0x00007000068e0000)]
  0x00007fd4a3821000 JavaThread "C2 CompilerThread0" daemon [_thread_blocked, id=42243, stack(0x00007000068e3000,0x00007000069e3000)]
  0x00007fd4a5013800 JavaThread "C1 CompilerThread0" daemon [_thread_blocked, id=41731, stack(0x00007000069e6000,0x0000700006ae6000)]
  0x00007fd4a400f800 JavaThread "Sweeper thread" daemon [_thread_blocked, id=23043, stack(0x0000700006ae9000,0x0000700006be9000)]
  0x00007fd4a501a000 JavaThread "Notification Thread" daemon [_thread_blocked, id=40451, stack(0x0000700006bec000,0x0000700006cec000)]
  0x00007fd4a5014000 JavaThread "Common-Cleaner" daemon [_thread_blocked, id=23811, stack(0x0000700006df2000,0x0000700006ef2000)]
  0x00007fd4a9011800 JavaThread "DestroyJavaVM" [_thread_blocked, id=9731, stack(0x0000700005cbc000,0x0000700005dbc000)]
=>0x00007fd4a7b0d800 JavaThread "task-2" [_thread_in_native, id=28699, stack(0x0000700008943000,0x0000700008a43000)]
  0x00007fd4a46a5000 JavaThread "Java2D Disposer" daemon [_thread_blocked, id=85791, stack(0x0000700008c52000,0x0000700008d52000)]
  0x00007fd4a300b000 JavaThread "SIGINT handler" daemon [_thread_blocked, id=45855, stack(0x0000700008840000,0x0000700008940000)]

Other Threads:
  0x00007fd4a590a800 VMThread "VM Thread" [stack: 0x00007000062ce000,0x00007000063ce000] [id=18691]
  0x00007fd4a5831000 GCTaskThread "GC Thread#0" [stack: 0x0000700005dbf000,0x0000700005ebf000] [id=12035]
  0x00007fd4a38b0800 GCTaskThread "GC Thread#1" [stack: 0x0000700006ef5000,0x0000700006ff5000] [id=39683]
  0x00007fd4a38e1800 GCTaskThread "GC Thread#2" [stack: 0x0000700006ff8000,0x00007000070f8000] [id=39171]
  0x00007fd4a41ce800 GCTaskThread "GC Thread#3" [stack: 0x00007000070fb000,0x00007000071fb000] [id=38659]
  0x00007fd4a4010800 GCTaskThread "GC Thread#4" [stack: 0x00007000071fe000,0x00007000072fe000] [id=24579]
  0x00007fd4a504e000 GCTaskThread "GC Thread#5" [stack: 0x0000700007301000,0x0000700007401000] [id=38403]
  0x00007fd4a532f800 GCTaskThread "GC Thread#6" [stack: 0x0000700007913000,0x0000700007a13000] [id=26371]
  0x00007fd4a3179000 GCTaskThread "GC Thread#7" [stack: 0x0000700007a16000,0x0000700007b16000] [id=36099]
  0x00007fd4a5842000 ConcurrentGCThread "G1 Main Marker" [stack: 0x0000700005ec2000,0x0000700005fc2000] [id=12291]
  0x00007fd4a5842800 ConcurrentGCThread "G1 Conc#0" [stack: 0x0000700005fc5000,0x00007000060c5000] [id=13059]
  0x00007fd4a536d000 ConcurrentGCThread "G1 Conc#1" [stack: 0x0000700007507000,0x0000700007607000] [id=37895]
  0x00007fd4a5333000 ConcurrentGCThread "G1 Conc#2" [stack: 0x000070000760a000,0x000070000770a000] [id=38151]
  0x00007fd4a58eb800 ConcurrentGCThread "G1 Refine#0" [stack: 0x00007000060c8000,0x00007000061c8000] [id=13571]
  0x00007fd4a3970800 ConcurrentGCThread "G1 Refine#1" [stack: 0x0000700008f55000,0x0000700009055000] [id=47107]
  0x00007fd4a58ec000 ConcurrentGCThread "G1 Young RemSet Sampling" [stack: 0x00007000061cb000,0x00007000062cb000] [id=18947]

Threads with active compile tasks:
C2 CompilerThread0   180651 6245       4       java.util.HashMap::removeNode (291 bytes)
C1 CompilerThread0   180651 6252       3       java.lang.invoke.TypeConvertingMethodAdapter::convertType (299 bytes)

VM state:at safepoint (shutting down)

VM Mutex/Monitor currently owned by a thread:  ([mutex/lock_event])
[0x00007fd4a2d0fde0] Threads_lock - owner thread: 0x00007fd4a590a800
[0x00007fd4a2d10aa0] Heap_lock - owner thread: 0x00007fd4a300b000

Heap address: 0x0000000700000000, size: 4096 MB, Compressed Oops mode: Zero based, Oop shift amount: 3
Narrow klass base: 0x0000000800000000, Narrow klass shift: 3
Compressed class space size: 1073741824 Address: 0x0000000800b05000

Heap:
 garbage-first heap   total 193536K, used 120996K [0x0000000700000000, 0x0000000800000000)
  region size 1024K, 96 young (98304K), 4 survivors (4096K)
 Metaspace       used 55770K, capacity 57567K, committed 57776K, reserved 1099776K
  class space    used 7117K, capacity 7809K, committed 7936K, reserved 1048576K
Heap Regions: E=young(eden), S=young(survivor), O=old, HS=humongous(starts), HC=humongous(continues), CS=collection set, F=free, OA=open archive, CA=closed archive, TAMS=top-at-mark-start (previous, next)
|   0|0x0000000700000000, 0x0000000700100000, 0x0000000700100000|100%| O|  |TAMS 0x0000000700100000, 0x0000000700000000| Untracked 
|   1|0x0000000700100000, 0x0000000700200000, 0x0000000700200000|100%| O|  |TAMS 0x0000000700200000, 0x0000000700100000| Untracked 
|   2|0x0000000700200000, 0x0000000700300000, 0x0000000700300000|100%| O|  |TAMS 0x0000000700300000, 0x0000000700200000| Untracked 
|   3|0x0000000700300000, 0x0000000700400000, 0x0000000700400000|100%| O|  |TAMS 0x0000000700400000, 0x0000000700300000| Untracked 
|   4|0x0000000700400000, 0x0000000700500000, 0x0000000700500000|100%| O|  |TAMS 0x0000000700500000, 0x0000000700400000| Untracked 
|   5|0x0000000700500000, 0x0000000700600000, 0x0000000700600000|100%| O|  |TAMS 0x0000000700600000, 0x0000000700500000| Untracked 
|   6|0x0000000700600000, 0x0000000700700000, 0x0000000700700000|100%| O|  |TAMS 0x0000000700700000, 0x0000000700600000| Untracked 
|   7|0x0000000700700000, 0x0000000700800000, 0x0000000700800000|100%| O|  |TAMS 0x0000000700800000, 0x0000000700700000| Untracked 
|   8|0x0000000700800000, 0x0000000700900000, 0x0000000700900000|100%| O|  |TAMS 0x0000000700900000, 0x0000000700800000| Untracked 
|   9|0x0000000700900000, 0x0000000700a00000, 0x0000000700a00000|100%| O|  |TAMS 0x0000000700971200, 0x0000000700900000| Untracked 
|  10|0x0000000700a00000, 0x0000000700b00000, 0x0000000700b00000|100%| O|  |TAMS 0x0000000700a00000, 0x0000000700a00000| Untracked 
|  11|0x0000000700b00000, 0x0000000700c00000, 0x0000000700c00000|100%| O|  |TAMS 0x0000000700b00000, 0x0000000700b00000| Untracked 
|  12|0x0000000700c00000, 0x0000000700d00000, 0x0000000700d00000|100%| O|  |TAMS 0x0000000700c00000, 0x0000000700c00000| Untracked 
|  13|0x0000000700d00000, 0x0000000700e00000, 0x0000000700e00000|100%| O|  |TAMS 0x0000000700d00000, 0x0000000700d00000| Untracked 
|  14|0x0000000700e00000, 0x0000000700f00000, 0x0000000700f00000|100%| O|  |TAMS 0x0000000700e00000, 0x0000000700e00000| Untracked 
|  15|0x0000000700f00000, 0x0000000701000000, 0x0000000701000000|100%| O|  |TAMS 0x0000000700f00000, 0x0000000700f00000| Untracked 
|  16|0x0000000701000000, 0x0000000701100000, 0x0000000701100000|100%| O|  |TAMS 0x0000000701000000, 0x0000000701000000| Untracked 
|  17|0x0000000701100000, 0x0000000701200000, 0x0000000701200000|100%| O|  |TAMS 0x0000000701100000, 0x0000000701100000| Untracked 
|  18|0x0000000701200000, 0x0000000701300000, 0x0000000701300000|100%| O|  |TAMS 0x0000000701200000, 0x0000000701200000| Untracked 
|  19|0x0000000701300000, 0x0000000701400000, 0x0000000701400000|100%| O|  |TAMS 0x0000000701300000, 0x0000000701300000| Untracked 
|  20|0x0000000701400000, 0x00000007014f8400, 0x0000000701500000| 96%| O|  |TAMS 0x0000000701400000, 0x0000000701400000| Untracked 
|  21|0x0000000701500000, 0x0000000701500000, 0x0000000701600000|  0%| F|  |TAMS 0x0000000701500000, 0x0000000701500000| Untracked 
|  22|0x0000000701600000, 0x0000000701600000, 0x0000000701700000|  0%| F|  |TAMS 0x0000000701600000, 0x0000000701600000| Untracked 
|  23|0x0000000701700000, 0x0000000701700000, 0x0000000701800000|  0%| F|  |TAMS 0x0000000701700000, 0x0000000701700000| Untracked 
|  24|0x0000000701800000, 0x0000000701800000, 0x0000000701900000|  0%| F|  |TAMS 0x0000000701800000, 0x0000000701800000| Untracked 
|  25|0x0000000701900000, 0x0000000701900000, 0x0000000701a00000|  0%| F|  |TAMS 0x0000000701900000, 0x0000000701900000| Untracked 
|  26|0x0000000701a00000, 0x0000000701a00000, 0x0000000701b00000|  0%| F|  |TAMS 0x0000000701a00000, 0x0000000701a00000| Untracked 
|  27|0x0000000701b00000, 0x0000000701b00000, 0x0000000701c00000|  0%| F|  |TAMS 0x0000000701b00000, 0x0000000701b00000| Untracked 
|  28|0x0000000701c00000, 0x0000000701c00000, 0x0000000701d00000|  0%| F|  |TAMS 0x0000000701c00000, 0x0000000701c00000| Untracked 
|  29|0x0000000701d00000, 0x0000000701d00000, 0x0000000701e00000|  0%| F|  |TAMS 0x0000000701d00000, 0x0000000701d00000| Untracked 
|  30|0x0000000701e00000, 0x0000000701e00000, 0x0000000701f00000|  0%| F|  |TAMS 0x0000000701e00000, 0x0000000701e00000| Untracked 
|  31|0x0000000701f00000, 0x0000000701f00000, 0x0000000702000000|  0%| F|  |TAMS 0x0000000701f00000, 0x0000000701f00000| Untracked 
|  32|0x0000000702000000, 0x0000000702000000, 0x0000000702100000|  0%| F|  |TAMS 0x0000000702000000, 0x0000000702000000| Untracked 
|  33|0x0000000702100000, 0x0000000702100000, 0x0000000702200000|  0%| F|  |TAMS 0x0000000702100000, 0x0000000702100000| Untracked 
|  34|0x0000000702200000, 0x0000000702200000, 0x0000000702300000|  0%| F|  |TAMS 0x0000000702200000, 0x0000000702200000| Untracked 
|  35|0x0000000702300000, 0x0000000702300000, 0x0000000702400000|  0%| F|  |TAMS 0x0000000702300000, 0x0000000702300000| Untracked 
|  36|0x0000000702400000, 0x0000000702400000, 0x0000000702500000|  0%| F|  |TAMS 0x0000000702400000, 0x0000000702400000| Untracked 
|  37|0x0000000702500000, 0x0000000702500000, 0x0000000702600000|  0%| F|  |TAMS 0x0000000702500000, 0x0000000702500000| Untracked 
|  38|0x0000000702600000, 0x0000000702600000, 0x0000000702700000|  0%| F|  |TAMS 0x0000000702600000, 0x0000000702600000| Untracked 
|  39|0x0000000702700000, 0x0000000702700000, 0x0000000702800000|  0%| F|  |TAMS 0x0000000702700000, 0x0000000702700000| Untracked 
|  40|0x0000000702800000, 0x0000000702800000, 0x0000000702900000|  0%| F|  |TAMS 0x0000000702800000, 0x0000000702800000| Untracked 
|  41|0x0000000702900000, 0x0000000702900000, 0x0000000702a00000|  0%| F|  |TAMS 0x0000000702900000, 0x0000000702900000| Untracked 
|  42|0x0000000702a00000, 0x0000000702a00000, 0x0000000702b00000|  0%| F|  |TAMS 0x0000000702a00000, 0x0000000702a00000| Untracked 
|  43|0x0000000702b00000, 0x0000000702b00000, 0x0000000702c00000|  0%| F|  |TAMS 0x0000000702b00000, 0x0000000702b00000| Untracked 
|  44|0x0000000702c00000, 0x0000000702c00000, 0x0000000702d00000|  0%| F|  |TAMS 0x0000000702c00000, 0x0000000702c00000| Untracked 
|  45|0x0000000702d00000, 0x0000000702d00000, 0x0000000702e00000|  0%| F|  |TAMS 0x0000000702d00000, 0x0000000702d00000| Untracked 
|  46|0x0000000702e00000, 0x0000000702e00000, 0x0000000702f00000|  0%| F|  |TAMS 0x0000000702e00000, 0x0000000702e00000| Untracked 
|  47|0x0000000702f00000, 0x0000000702f00000, 0x0000000703000000|  0%| F|  |TAMS 0x0000000702f00000, 0x0000000702f00000| Untracked 
|  48|0x0000000703000000, 0x0000000703000000, 0x0000000703100000|  0%| F|  |TAMS 0x0000000703000000, 0x0000000703000000| Untracked 
|  49|0x0000000703100000, 0x0000000703100000, 0x0000000703200000|  0%| F|  |TAMS 0x0000000703100000, 0x0000000703100000| Untracked 
|  50|0x0000000703200000, 0x0000000703200000, 0x0000000703300000|  0%| F|  |TAMS 0x0000000703200000, 0x0000000703200000| Untracked 
|  51|0x0000000703300000, 0x0000000703364f70, 0x0000000703400000| 39%| S|CS|TAMS 0x0000000703300000, 0x0000000703300000| Complete 
|  52|0x0000000703400000, 0x0000000703500000, 0x0000000703500000|100%| S|CS|TAMS 0x0000000703400000, 0x0000000703400000| Complete 
|  53|0x0000000703500000, 0x0000000703600000, 0x0000000703600000|100%| S|CS|TAMS 0x0000000703500000, 0x0000000703500000| Complete 
|  54|0x0000000703600000, 0x0000000703600000, 0x0000000703700000|  0%| F|  |TAMS 0x0000000703600000, 0x0000000703600000| Untracked 
|  55|0x0000000703700000, 0x0000000703700000, 0x0000000703800000|  0%| F|  |TAMS 0x0000000703700000, 0x0000000703700000| Untracked 
|  56|0x0000000703800000, 0x0000000703800000, 0x0000000703900000|  0%| F|  |TAMS 0x0000000703800000, 0x0000000703800000| Untracked 
|  57|0x0000000703900000, 0x0000000703a00000, 0x0000000703a00000|100%| S|CS|TAMS 0x0000000703900000, 0x0000000703900000| Complete 
|  58|0x0000000703a00000, 0x0000000703a00000, 0x0000000703b00000|  0%| F|  |TAMS 0x0000000703a00000, 0x0000000703a00000| Untracked 
|  59|0x0000000703b00000, 0x0000000703b00000, 0x0000000703c00000|  0%| F|  |TAMS 0x0000000703b00000, 0x0000000703b00000| Untracked 
|  60|0x0000000703c00000, 0x0000000703c00000, 0x0000000703d00000|  0%| F|  |TAMS 0x0000000703c00000, 0x0000000703c00000| Untracked 
|  61|0x0000000703d00000, 0x0000000703d00000, 0x0000000703e00000|  0%| F|  |TAMS 0x0000000703d00000, 0x0000000703d00000| Untracked 
|  62|0x0000000703e00000, 0x0000000703e00000, 0x0000000703f00000|  0%| F|  |TAMS 0x0000000703e00000, 0x0000000703e00000| Untracked 
|  63|0x0000000703f00000, 0x0000000703f00000, 0x0000000704000000|  0%| F|  |TAMS 0x0000000703f00000, 0x0000000703f00000| Untracked 
|  64|0x0000000704000000, 0x0000000704000000, 0x0000000704100000|  0%| F|  |TAMS 0x0000000704000000, 0x0000000704000000| Untracked 
|  65|0x0000000704100000, 0x0000000704100000, 0x0000000704200000|  0%| F|  |TAMS 0x0000000704100000, 0x0000000704100000| Untracked 
|  66|0x0000000704200000, 0x0000000704200000, 0x0000000704300000|  0%| F|  |TAMS 0x0000000704200000, 0x0000000704200000| Untracked 
|  67|0x0000000704300000, 0x0000000704300000, 0x0000000704400000|  0%| F|  |TAMS 0x0000000704300000, 0x0000000704300000| Untracked 
|  68|0x0000000704400000, 0x0000000704400000, 0x0000000704500000|  0%| F|  |TAMS 0x0000000704400000, 0x0000000704400000| Untracked 
|  69|0x0000000704500000, 0x0000000704500000, 0x0000000704600000|  0%| F|  |TAMS 0x0000000704500000, 0x0000000704500000| Untracked 
|  70|0x0000000704600000, 0x0000000704600000, 0x0000000704700000|  0%| F|  |TAMS 0x0000000704600000, 0x0000000704600000| Untracked 
|  71|0x0000000704700000, 0x0000000704700000, 0x0000000704800000|  0%| F|  |TAMS 0x0000000704700000, 0x0000000704700000| Untracked 
|  72|0x0000000704800000, 0x0000000704800000, 0x0000000704900000|  0%| F|  |TAMS 0x0000000704800000, 0x0000000704800000| Untracked 
|  73|0x0000000704900000, 0x0000000704900000, 0x0000000704a00000|  0%| F|  |TAMS 0x0000000704900000, 0x0000000704900000| Untracked 
|  74|0x0000000704a00000, 0x0000000704a00000, 0x0000000704b00000|  0%| F|  |TAMS 0x0000000704a00000, 0x0000000704a00000| Untracked 
|  75|0x0000000704b00000, 0x0000000704b00000, 0x0000000704c00000|  0%| F|  |TAMS 0x0000000704b00000, 0x0000000704b00000| Untracked 
|  76|0x0000000704c00000, 0x0000000704c00000, 0x0000000704d00000|  0%| F|  |TAMS 0x0000000704c00000, 0x0000000704c00000| Untracked 
|  77|0x0000000704d00000, 0x0000000704d00000, 0x0000000704e00000|  0%| F|  |TAMS 0x0000000704d00000, 0x0000000704d00000| Untracked 
|  78|0x0000000704e00000, 0x0000000704e00000, 0x0000000704f00000|  0%| F|  |TAMS 0x0000000704e00000, 0x0000000704e00000| Untracked 
|  79|0x0000000704f00000, 0x0000000704f00000, 0x0000000705000000|  0%| F|  |TAMS 0x0000000704f00000, 0x0000000704f00000| Untracked 
|  80|0x0000000705000000, 0x0000000705000000, 0x0000000705100000|  0%| F|  |TAMS 0x0000000705000000, 0x0000000705000000| Untracked 
|  81|0x0000000705100000, 0x0000000705100000, 0x0000000705200000|  0%| F|  |TAMS 0x0000000705100000, 0x0000000705100000| Untracked 
|  82|0x0000000705200000, 0x0000000705200000, 0x0000000705300000|  0%| F|  |TAMS 0x0000000705200000, 0x0000000705200000| Untracked 
|  83|0x0000000705300000, 0x0000000705300000, 0x0000000705400000|  0%| F|  |TAMS 0x0000000705300000, 0x0000000705300000| Untracked 
|  84|0x0000000705400000, 0x0000000705400000, 0x0000000705500000|  0%| F|  |TAMS 0x0000000705400000, 0x0000000705400000| Untracked 
|  85|0x0000000705500000, 0x0000000705500000, 0x0000000705600000|  0%| F|  |TAMS 0x0000000705500000, 0x0000000705500000| Untracked 
|  86|0x0000000705600000, 0x0000000705600000, 0x0000000705700000|  0%| F|  |TAMS 0x0000000705600000, 0x0000000705600000| Untracked 
|  87|0x0000000705700000, 0x0000000705700000, 0x0000000705800000|  0%| F|  |TAMS 0x0000000705700000, 0x0000000705700000| Untracked 
|  88|0x0000000705800000, 0x0000000705800000, 0x0000000705900000|  0%| F|  |TAMS 0x0000000705800000, 0x0000000705800000| Untracked 
|  89|0x0000000705900000, 0x0000000705900000, 0x0000000705a00000|  0%| F|  |TAMS 0x0000000705900000, 0x0000000705900000| Untracked 
|  90|0x0000000705a00000, 0x0000000705a00000, 0x0000000705b00000|  0%| F|  |TAMS 0x0000000705a00000, 0x0000000705a00000| Untracked 
|  91|0x0000000705b00000, 0x0000000705b00000, 0x0000000705c00000|  0%| F|  |TAMS 0x0000000705b00000, 0x0000000705b00000| Untracked 
|  92|0x0000000705c00000, 0x0000000705caf160, 0x0000000705d00000| 68%| E|  |TAMS 0x0000000705c00000, 0x0000000705c00000| Complete 
|  93|0x0000000705d00000, 0x0000000705e00000, 0x0000000705e00000|100%| E|CS|TAMS 0x0000000705d00000, 0x0000000705d00000| Complete 
|  94|0x0000000705e00000, 0x0000000705f00000, 0x0000000705f00000|100%| E|CS|TAMS 0x0000000705e00000, 0x0000000705e00000| Complete 
|  95|0x0000000705f00000, 0x0000000706000000, 0x0000000706000000|100%| E|CS|TAMS 0x0000000705f00000, 0x0000000705f00000| Complete 
|  96|0x0000000706000000, 0x0000000706100000, 0x0000000706100000|100%| E|CS|TAMS 0x0000000706000000, 0x0000000706000000| Complete 
|  97|0x0000000706100000, 0x0000000706200000, 0x0000000706200000|100%| E|CS|TAMS 0x0000000706100000, 0x0000000706100000| Complete 
|  98|0x0000000706200000, 0x0000000706300000, 0x0000000706300000|100%| E|CS|TAMS 0x0000000706200000, 0x0000000706200000| Complete 
|  99|0x0000000706300000, 0x0000000706400000, 0x0000000706400000|100%| E|CS|TAMS 0x0000000706300000, 0x0000000706300000| Complete 
| 100|0x0000000706400000, 0x0000000706500000, 0x0000000706500000|100%| E|CS|TAMS 0x0000000706400000, 0x0000000706400000| Complete 
| 101|0x0000000706500000, 0x0000000706600000, 0x0000000706600000|100%| E|CS|TAMS 0x0000000706500000, 0x0000000706500000| Complete 
| 102|0x0000000706600000, 0x0000000706700000, 0x0000000706700000|100%| E|CS|TAMS 0x0000000706600000, 0x0000000706600000| Complete 
| 103|0x0000000706700000, 0x0000000706800000, 0x0000000706800000|100%| E|CS|TAMS 0x0000000706700000, 0x0000000706700000| Complete 
| 104|0x0000000706800000, 0x0000000706900000, 0x0000000706900000|100%| E|  |TAMS 0x0000000706800000, 0x0000000706800000| Complete 
| 105|0x0000000706900000, 0x0000000706a00000, 0x0000000706a00000|100%| E|CS|TAMS 0x0000000706900000, 0x0000000706900000| Complete 
| 106|0x0000000706a00000, 0x0000000706b00000, 0x0000000706b00000|100%| E|CS|TAMS 0x0000000706a00000, 0x0000000706a00000| Complete 
| 107|0x0000000706b00000, 0x0000000706c00000, 0x0000000706c00000|100%| E|CS|TAMS 0x0000000706b00000, 0x0000000706b00000| Complete 
| 108|0x0000000706c00000, 0x0000000706d00000, 0x0000000706d00000|100%| E|CS|TAMS 0x0000000706c00000, 0x0000000706c00000| Complete 
| 109|0x0000000706d00000, 0x0000000706e00000, 0x0000000706e00000|100%| E|CS|TAMS 0x0000000706d00000, 0x0000000706d00000| Complete 
| 110|0x0000000706e00000, 0x0000000706f00000, 0x0000000706f00000|100%| E|CS|TAMS 0x0000000706e00000, 0x0000000706e00000| Complete 
| 111|0x0000000706f00000, 0x0000000707000000, 0x0000000707000000|100%| E|CS|TAMS 0x0000000706f00000, 0x0000000706f00000| Complete 
| 112|0x0000000707000000, 0x0000000707100000, 0x0000000707100000|100%| E|CS|TAMS 0x0000000707000000, 0x0000000707000000| Complete 
| 113|0x0000000707100000, 0x0000000707200000, 0x0000000707200000|100%| E|CS|TAMS 0x0000000707100000, 0x0000000707100000| Complete 
| 114|0x0000000707200000, 0x0000000707300000, 0x0000000707300000|100%| E|CS|TAMS 0x0000000707200000, 0x0000000707200000| Complete 
| 115|0x0000000707300000, 0x0000000707400000, 0x0000000707400000|100%| E|CS|TAMS 0x0000000707300000, 0x0000000707300000| Complete 
| 116|0x0000000707400000, 0x0000000707500000, 0x0000000707500000|100%| E|CS|TAMS 0x0000000707400000, 0x0000000707400000| Complete 
| 117|0x0000000707500000, 0x0000000707600000, 0x0000000707600000|100%| E|CS|TAMS 0x0000000707500000, 0x0000000707500000| Complete 
| 118|0x0000000707600000, 0x0000000707700000, 0x0000000707700000|100%| E|CS|TAMS 0x0000000707600000, 0x0000000707600000| Complete 
| 119|0x0000000707700000, 0x0000000707800000, 0x0000000707800000|100%| E|CS|TAMS 0x0000000707700000, 0x0000000707700000| Complete 
| 120|0x0000000707800000, 0x0000000707900000, 0x0000000707900000|100%| E|CS|TAMS 0x0000000707800000, 0x0000000707800000| Complete 
| 121|0x0000000707900000, 0x0000000707a00000, 0x0000000707a00000|100%| E|CS|TAMS 0x0000000707900000, 0x0000000707900000| Complete 
| 122|0x0000000707a00000, 0x0000000707b00000, 0x0000000707b00000|100%| E|CS|TAMS 0x0000000707a00000, 0x0000000707a00000| Complete 
| 123|0x0000000707b00000, 0x0000000707c00000, 0x0000000707c00000|100%| E|CS|TAMS 0x0000000707b00000, 0x0000000707b00000| Complete 
| 124|0x0000000707c00000, 0x0000000707d00000, 0x0000000707d00000|100%| E|CS|TAMS 0x0000000707c00000, 0x0000000707c00000| Complete 
| 125|0x0000000707d00000, 0x0000000707e00000, 0x0000000707e00000|100%| E|CS|TAMS 0x0000000707d00000, 0x0000000707d00000| Complete 
| 126|0x0000000707e00000, 0x0000000707f00000, 0x0000000707f00000|100%| E|CS|TAMS 0x0000000707e00000, 0x0000000707e00000| Complete 
| 127|0x0000000707f00000, 0x0000000708000000, 0x0000000708000000|100%| E|CS|TAMS 0x0000000707f00000, 0x0000000707f00000| Complete 
| 128|0x0000000708000000, 0x0000000708100000, 0x0000000708100000|100%| E|CS|TAMS 0x0000000708000000, 0x0000000708000000| Complete 
| 129|0x0000000708100000, 0x0000000708200000, 0x0000000708200000|100%| E|CS|TAMS 0x0000000708100000, 0x0000000708100000| Complete 
| 130|0x0000000708200000, 0x0000000708300000, 0x0000000708300000|100%| E|CS|TAMS 0x0000000708200000, 0x0000000708200000| Complete 
| 131|0x0000000708300000, 0x0000000708400000, 0x0000000708400000|100%| E|CS|TAMS 0x0000000708300000, 0x0000000708300000| Complete 
| 132|0x0000000708400000, 0x0000000708500000, 0x0000000708500000|100%| E|CS|TAMS 0x0000000708400000, 0x0000000708400000| Complete 
| 133|0x0000000708500000, 0x0000000708600000, 0x0000000708600000|100%| E|CS|TAMS 0x0000000708500000, 0x0000000708500000| Complete 
| 134|0x0000000708600000, 0x0000000708700000, 0x0000000708700000|100%| E|CS|TAMS 0x0000000708600000, 0x0000000708600000| Complete 
| 135|0x0000000708700000, 0x0000000708800000, 0x0000000708800000|100%| E|CS|TAMS 0x0000000708700000, 0x0000000708700000| Complete 
| 136|0x0000000708800000, 0x0000000708900000, 0x0000000708900000|100%| E|CS|TAMS 0x0000000708800000, 0x0000000708800000| Complete 
| 137|0x0000000708900000, 0x0000000708a00000, 0x0000000708a00000|100%| E|CS|TAMS 0x0000000708900000, 0x0000000708900000| Complete 
| 138|0x0000000708a00000, 0x0000000708b00000, 0x0000000708b00000|100%| E|CS|TAMS 0x0000000708a00000, 0x0000000708a00000| Complete 
| 139|0x0000000708b00000, 0x0000000708c00000, 0x0000000708c00000|100%| E|CS|TAMS 0x0000000708b00000, 0x0000000708b00000| Complete 
| 140|0x0000000708c00000, 0x0000000708d00000, 0x0000000708d00000|100%| E|CS|TAMS 0x0000000708c00000, 0x0000000708c00000| Complete 
| 141|0x0000000708d00000, 0x0000000708e00000, 0x0000000708e00000|100%| E|CS|TAMS 0x0000000708d00000, 0x0000000708d00000| Complete 
| 142|0x0000000708e00000, 0x0000000708f00000, 0x0000000708f00000|100%| E|CS|TAMS 0x0000000708e00000, 0x0000000708e00000| Complete 
| 143|0x0000000708f00000, 0x0000000709000000, 0x0000000709000000|100%| E|CS|TAMS 0x0000000708f00000, 0x0000000708f00000| Complete 
| 144|0x0000000709000000, 0x0000000709100000, 0x0000000709100000|100%| E|CS|TAMS 0x0000000709000000, 0x0000000709000000| Complete 
| 145|0x0000000709100000, 0x0000000709200000, 0x0000000709200000|100%| E|CS|TAMS 0x0000000709100000, 0x0000000709100000| Complete 
| 146|0x0000000709200000, 0x0000000709300000, 0x0000000709300000|100%| E|CS|TAMS 0x0000000709200000, 0x0000000709200000| Complete 
| 147|0x0000000709300000, 0x0000000709400000, 0x0000000709400000|100%